2020-10-09T16:18:32-0400 [INFO    ] dandi Traversing remote dandisets (000007) recursively
2020-10-09T16:18:32-0400 [INFO    ] backups2datalad.py Updating metadata file
2020-10-09T16:18:36-0400 [INFO    ] backups2datalad.py Syncing asset /sub-anm00314746/sub-anm00314746_ses-20151020T093604.nwb
2020-10-09T16:18:36-0400 [WARNING ] backups2datalad.py Asset metadata does not include sha256 hash
2020-10-09T16:18:36-0400 [INFO    ] backups2datalad.py Asset in dataset, hash not available, and size is unchanged; will not update
2020-10-09T16:18:36-0400 [INFO    ] backups2datalad.py Syncing asset /sub-anm00314746/sub-anm00314746_ses-20151021T112541.nwb
2020-10-09T16:18:36-0400 [WARNING ] backups2datalad.py Asset metadata does not include sha256 hash
2020-10-09T16:18:36-0400 [INFO    ] backups2datalad.py Asset in dataset, hash not available, and size is unchanged; will not update
2020-10-09T16:18:36-0400 [INFO    ] backups2datalad.py Syncing asset /sub-anm00314746/sub-anm00314746_ses-20151022T151738.nwb
2020-10-09T16:18:36-0400 [WARNING ] backups2datalad.py Asset metadata does not include sha256 hash
2020-10-09T16:18:37-0400 [INFO    ] backups2datalad.py Asset in dataset, hash not available, and size is unchanged; will not update
2020-10-09T16:18:37-0400 [INFO    ] backups2datalad.py Syncing asset /sub-anm00314756/sub-anm00314756_ses-20151020T194211.nwb
2020-10-09T16:18:37-0400 [WARNING ] backups2datalad.py Asset metadata does not include sha256 hash
2020-10-09T16:18:37-0400 [INFO    ] backups2datalad.py Asset in dataset, hash not available, and size is unchanged; will not update
2020-10-09T16:18:37-0400 [INFO    ] backups2datalad.py Syncing asset /sub-anm00314756/sub-anm00314756_ses-20151023T141029.nwb
2020-10-09T16:18:37-0400 [WARNING ] backups2datalad.py Asset metadata does not include sha256 hash
2020-10-09T16:18:37-0400 [INFO    ] backups2datalad.py Asset in dataset, hash not available, and size is unchanged; will not update
2020-10-09T16:18:37-0400 [INFO    ] backups2datalad.py Syncing asset /sub-anm00314757/sub-anm00314757_ses-20151020T173731.nwb
2020-10-09T16:18:37-0400 [WARNING ] backups2datalad.py Asset metadata does not include sha256 hash
2020-10-09T16:18:37-0400 [INFO    ] backups2datalad.py Asset in dataset, hash not available, and size is unchanged; will not update
2020-10-09T16:18:37-0400 [INFO    ] backups2datalad.py Syncing asset /sub-anm00314757/sub-anm00314757_ses-20151021T180248.nwb
2020-10-09T16:18:37-0400 [WARNING ] backups2datalad.py Asset metadata does not include sha256 hash
2020-10-09T16:18:38-0400 [INFO    ] backups2datalad.py Asset in dataset, hash not available, and size is unchanged; will not update
2020-10-09T16:18:38-0400 [INFO    ] backups2datalad.py Syncing asset /sub-anm00314758/sub-anm00314758_ses-20151020T104930.nwb
2020-10-09T16:18:38-0400 [WARNING ] backups2datalad.py Asset metadata does not include sha256 hash
2020-10-09T16:18:38-0400 [INFO    ] backups2datalad.py Asset in dataset, hash not available, and size is unchanged; will not update
2020-10-09T16:18:38-0400 [INFO    ] backups2datalad.py Syncing asset /sub-anm00314758/sub-anm00314758_ses-20151021T101014.nwb
2020-10-09T16:18:38-0400 [WARNING ] backups2datalad.py Asset metadata does not include sha256 hash
2020-10-09T16:18:38-0400 [INFO    ] backups2datalad.py Asset in dataset, hash not available, and size is unchanged; will not update
2020-10-09T16:18:38-0400 [INFO    ] backups2datalad.py Syncing asset /sub-anm00314758/sub-anm00314758_ses-20151022T112047.nwb
2020-10-09T16:18:38-0400 [WARNING ] backups2datalad.py Asset metadata does not include sha256 hash
2020-10-09T16:18:39-0400 [INFO    ] backups2datalad.py Asset in dataset, hash not available, and size is unchanged; will not update
2020-10-09T16:18:39-0400 [INFO    ] backups2datalad.py Syncing asset /sub-anm00314758/sub-anm00314758_ses-20151023T094901.nwb
2020-10-09T16:18:39-0400 [WARNING ] backups2datalad.py Asset metadata does not include sha256 hash
2020-10-09T16:18:39-0400 [INFO    ] backups2datalad.py Asset in dataset, hash not available, and size is unchanged; will not update
2020-10-09T16:18:39-0400 [INFO    ] backups2datalad.py Syncing asset /sub-anm00314760/sub-anm00314760_ses-20151020T155230.nwb
2020-10-09T16:18:39-0400 [WARNING ] backups2datalad.py Asset metadata does not include sha256 hash
2020-10-09T16:18:39-0400 [INFO    ] backups2datalad.py Asset in dataset, hash not available, and size is unchanged; will not update
2020-10-09T16:18:39-0400 [INFO    ] backups2datalad.py Syncing asset /sub-anm00314760/sub-anm00314760_ses-20151021T164427.nwb
2020-10-09T16:18:39-0400 [WARNING ] backups2datalad.py Asset metadata does not include sha256 hash
2020-10-09T16:18:40-0400 [INFO    ] backups2datalad.py Asset in dataset, hash not available, and size is unchanged; will not update
2020-10-09T16:18:40-0400 [INFO    ] backups2datalad.py Syncing asset /sub-anm00314760/sub-anm00314760_ses-20151022T163913.nwb
2020-10-09T16:18:40-0400 [WARNING ] backups2datalad.py Asset metadata does not include sha256 hash
2020-10-09T16:18:40-0400 [INFO    ] backups2datalad.py Asset in dataset, hash not available, and size is unchanged; will not update
2020-10-09T16:18:40-0400 [INFO    ] backups2datalad.py Syncing asset /sub-BAYLORCD12/sub-BAYLORCD12_ses-20180125T191601.nwb
2020-10-09T16:18:40-0400 [WARNING ] backups2datalad.py Asset metadata does not include sha256 hash
2020-10-09T16:18:41-0400 [INFO    ] backups2datalad.py Asset in dataset, hash not available, and size is unchanged; will not update
2020-10-09T16:18:41-0400 [INFO    ] backups2datalad.py Syncing asset /sub-BAYLORCD12/sub-BAYLORCD12_ses-20180126T122506.nwb
2020-10-09T16:18:41-0400 [WARNING ] backups2datalad.py Asset metadata does not include sha256 hash
2020-10-09T16:18:41-0400 [INFO    ] backups2datalad.py Asset in dataset, hash not available, and size is unchanged; will not update
2020-10-09T16:18:41-0400 [INFO    ] backups2datalad.py Syncing asset /sub-BAYLORCD12/sub-BAYLORCD12_ses-20180128T220037.nwb
2020-10-09T16:18:41-0400 [WARNING ] backups2datalad.py Asset metadata does not include sha256 hash
2020-10-09T16:18:41-0400 [INFO    ] backups2datalad.py Asset in dataset, hash not available, and size is unchanged; will not update
2020-10-09T16:18:41-0400 [INFO    ] backups2datalad.py Syncing asset /sub-BAYLORCD12/sub-BAYLORCD12_ses-20180129T160551.nwb
2020-10-09T16:18:41-0400 [WARNING ] backups2datalad.py Asset metadata does not include sha256 hash
2020-10-09T16:18:42-0400 [INFO    ] backups2datalad.py Asset in dataset, hash not available, and size is unchanged; will not update
2020-10-09T16:18:42-0400 [INFO    ] backups2datalad.py Syncing asset /sub-BAYLORCD12/sub-BAYLORCD12_ses-20180130T153224.nwb
2020-10-09T16:18:42-0400 [WARNING ] backups2datalad.py Asset metadata does not include sha256 hash
2020-10-09T16:18:42-0400 [INFO    ] backups2datalad.py Asset in dataset, hash not available, and size is unchanged; will not update
2020-10-09T16:18:42-0400 [INFO    ] backups2datalad.py Syncing asset /sub-BAYLORCD13/sub-BAYLORCD13_ses-20171211T135437.nwb
2020-10-09T16:18:42-0400 [WARNING ] backups2datalad.py Asset metadata does not include sha256 hash
2020-10-09T16:18:42-0400 [INFO    ] backups2datalad.py Asset in dataset, hash not available, and size is unchanged; will not update
2020-10-09T16:18:42-0400 [INFO    ] backups2datalad.py Syncing asset /sub-BAYLORCD13/sub-BAYLORCD13_ses-20171212T131814.nwb
2020-10-09T16:18:42-0400 [WARNING ] backups2datalad.py Asset metadata does not include sha256 hash
2020-10-09T16:18:43-0400 [INFO    ] backups2datalad.py Asset in dataset, hash not available, and size is unchanged; will not update
2020-10-09T16:18:43-0400 [INFO    ] backups2datalad.py Syncing asset /sub-BAYLORCD13/sub-BAYLORCD13_ses-20171213T135007.nwb
2020-10-09T16:18:43-0400 [WARNING ] backups2datalad.py Asset metadata does not include sha256 hash
2020-10-09T16:18:43-0400 [INFO    ] backups2datalad.py Asset in dataset, hash not available, and size is unchanged; will not update
2020-10-09T16:18:43-0400 [INFO    ] backups2datalad.py Syncing asset /sub-BAYLORCD13/sub-BAYLORCD13_ses-20171214T103426.nwb
2020-10-09T16:18:43-0400 [WARNING ] backups2datalad.py Asset metadata does not include sha256 hash
2020-10-09T16:18:43-0400 [INFO    ] backups2datalad.py Asset in dataset, hash not available, and size is unchanged; will not update
2020-10-09T16:18:43-0400 [INFO    ] backups2datalad.py Syncing asset /sub-BAYLORCD13/sub-BAYLORCD13_ses-20171215T133939.nwb
2020-10-09T16:18:43-0400 [WARNING ] backups2datalad.py Asset metadata does not include sha256 hash
2020-10-09T16:18:43-0400 [INFO    ] backups2datalad.py Asset in dataset, hash not available, and size is unchanged; will not update
2020-10-09T16:18:43-0400 [INFO    ] backups2datalad.py Syncing asset /sub-BAYLORCD14/sub-BAYLORCD14_ses-20171024T112103.nwb
2020-10-09T16:18:43-0400 [WARNING ] backups2datalad.py Asset metadata does not include sha256 hash
2020-10-09T16:18:44-0400 [INFO    ] backups2datalad.py Asset in dataset, hash not available, and size is unchanged; will not update
2020-10-09T16:18:44-0400 [INFO    ] backups2datalad.py Syncing asset /sub-BAYLORCD14/sub-BAYLORCD14_ses-20171025T114022.nwb
2020-10-09T16:18:44-0400 [WARNING ] backups2datalad.py Asset metadata does not include sha256 hash
2020-10-09T16:18:44-0400 [INFO    ] backups2datalad.py Asset in dataset, hash not available, and size is unchanged; will not update
2020-10-09T16:18:44-0400 [INFO    ] backups2datalad.py Syncing asset /sub-BAYLORCD14/sub-BAYLORCD14_ses-20171026T150956.nwb
2020-10-09T16:18:44-0400 [WARNING ] backups2datalad.py Asset metadata does not include sha256 hash
2020-10-09T16:18:44-0400 [INFO    ] backups2datalad.py Asset in dataset, hash not available, and size is unchanged; will not update
2020-10-09T16:18:44-0400 [INFO    ] backups2datalad.py Syncing asset /sub-BAYLORCD14/sub-BAYLORCD14_ses-20171027T115804.nwb
2020-10-09T16:18:44-0400 [WARNING ] backups2datalad.py Asset metadata does not include sha256 hash
2020-10-09T16:18:45-0400 [INFO    ] backups2datalad.py Asset in dataset, hash not available, and size is unchanged; will not update
2020-10-09T16:18:45-0400 [INFO    ] backups2datalad.py Syncing asset /sub-BAYLORCD14/sub-BAYLORCD14_ses-20171028T165746.nwb
2020-10-09T16:18:45-0400 [WARNING ] backups2datalad.py Asset metadata does not include sha256 hash
2020-10-09T16:18:45-0400 [INFO    ] backups2datalad.py Asset in dataset, hash not available, and size is unchanged; will not update
2020-10-09T16:18:45-0400 [INFO    ] backups2datalad.py Syncing asset /sub-BAYLORCD6/sub-BAYLORCD6_ses-20170610T135720.nwb
2020-10-09T16:18:45-0400 [WARNING ] backups2datalad.py Asset metadata does not include sha256 hash
2020-10-09T16:18:45-0400 [INFO    ] backups2datalad.py Asset in dataset, hash not available, and size is unchanged; will not update
2020-10-09T16:18:45-0400 [INFO    ] backups2datalad.py Syncing asset /sub-BAYLORCD6/sub-BAYLORCD6_ses-20170611T140007.nwb
2020-10-09T16:18:45-0400 [WARNING ] backups2datalad.py Asset metadata does not include sha256 hash
2020-10-09T16:18:45-0400 [INFO    ] backups2datalad.py Asset in dataset, hash not available, and size is unchanged; will not update
2020-10-09T16:18:45-0400 [INFO    ] backups2datalad.py Syncing asset /sub-BAYLORCD6/sub-BAYLORCD6_ses-20170612T125622.nwb
2020-10-09T16:18:45-0400 [WARNING ] backups2datalad.py Asset metadata does not include sha256 hash
2020-10-09T16:18:46-0400 [INFO    ] backups2datalad.py Asset in dataset, hash not available, and size is unchanged; will not update
2020-10-09T16:18:46-0400 [INFO    ] backups2datalad.py Syncing asset /sub-BAYLORCD6/sub-BAYLORCD6_ses-20170614T111143.nwb
2020-10-09T16:18:46-0400 [WARNING ] backups2datalad.py Asset metadata does not include sha256 hash
2020-10-09T16:18:46-0400 [INFO    ] backups2datalad.py Asset in dataset, hash not available, and size is unchanged; will not update
2020-10-09T16:18:46-0400 [INFO    ] backups2datalad.py Syncing asset /sub-BAYLORCD8/sub-BAYLORCD8_ses-20171016T121417.nwb
2020-10-09T16:18:46-0400 [WARNING ] backups2datalad.py Asset metadata does not include sha256 hash
2020-10-09T16:18:46-0400 [INFO    ] backups2datalad.py Asset in dataset, hash not available, and size is unchanged; will not update
2020-10-09T16:18:46-0400 [INFO    ] backups2datalad.py Syncing asset /sub-BAYLORCD8/sub-BAYLORCD8_ses-20171017T114425.nwb
2020-10-09T16:18:46-0400 [WARNING ] backups2datalad.py Asset metadata does not include sha256 hash
2020-10-09T16:18:47-0400 [INFO    ] backups2datalad.py Asset in dataset, hash not available, and size is unchanged; will not update
2020-10-09T16:18:47-0400 [INFO    ] backups2datalad.py Syncing asset /sub-BAYLORCD8/sub-BAYLORCD8_ses-20171018T123550.nwb
2020-10-09T16:18:47-0400 [WARNING ] backups2datalad.py Asset metadata does not include sha256 hash
2020-10-09T16:18:47-0400 [INFO    ] backups2datalad.py Asset in dataset, hash not available, and size is unchanged; will not update
2020-10-09T16:18:47-0400 [INFO    ] backups2datalad.py Syncing asset /sub-BAYLORCD8/sub-BAYLORCD8_ses-20171019T123347.nwb
2020-10-09T16:18:47-0400 [WARNING ] backups2datalad.py Asset metadata does not include sha256 hash
2020-10-09T16:18:47-0400 [INFO    ] backups2datalad.py Asset in dataset, hash not available, and size is unchanged; will not update
2020-10-09T16:18:47-0400 [INFO    ] backups2datalad.py Syncing asset /sub-BAYLORCD8/sub-BAYLORCD8_ses-20171020T124659.nwb
2020-10-09T16:18:47-0400 [WARNING ] backups2datalad.py Asset metadata does not include sha256 hash
2020-10-09T16:18:48-0400 [INFO    ] backups2datalad.py Asset in dataset, hash not available, and size is unchanged; will not update
2020-10-09T16:18:48-0400 [INFO    ] backups2datalad.py Syncing asset /sub-BAYLORNL12/sub-BAYLORNL12_ses-20170610T122530.nwb
2020-10-09T16:18:48-0400 [WARNING ] backups2datalad.py Asset metadata does not include sha256 hash
2020-10-09T16:18:48-0400 [INFO    ] backups2datalad.py Asset in dataset, hash not available, and size is unchanged; will not update
2020-10-09T16:18:48-0400 [INFO    ] backups2datalad.py Syncing asset /sub-BAYLORNL12/sub-BAYLORNL12_ses-20170611T124136.nwb
2020-10-09T16:18:48-0400 [WARNING ] backups2datalad.py Asset metadata does not include sha256 hash
2020-10-09T16:18:48-0400 [INFO    ] backups2datalad.py Asset in dataset, hash not available, and size is unchanged; will not update
2020-10-09T16:18:48-0400 [INFO    ] backups2datalad.py Syncing asset /sub-BAYLORNL12/sub-BAYLORNL12_ses-20170612T115219.nwb
2020-10-09T16:18:48-0400 [WARNING ] backups2datalad.py Asset metadata does not include sha256 hash
2020-10-09T16:18:48-0400 [INFO    ] backups2datalad.py Asset in dataset, hash not available, and size is unchanged; will not update
2020-10-09T16:18:48-0400 [INFO    ] backups2datalad.py Syncing asset /sub-BAYLORNL12/sub-BAYLORNL12_ses-20170613T123812.nwb
2020-10-09T16:18:48-0400 [WARNING ] backups2datalad.py Asset metadata does not include sha256 hash
2020-10-09T16:18:49-0400 [INFO    ] backups2datalad.py Asset in dataset, hash not available, and size is unchanged; will not update
2020-10-09T16:18:49-0400 [INFO    ] backups2datalad.py Syncing asset /sub-BAYLORNL12/sub-BAYLORNL12_ses-20170614T094441.nwb
2020-10-09T16:18:49-0400 [WARNING ] backups2datalad.py Asset metadata does not include sha256 hash
2020-10-09T16:18:49-0400 [INFO    ] backups2datalad.py Asset in dataset, hash not available, and size is unchanged; will not update
2020-10-09T16:18:49-0400 [INFO    ] backups2datalad.py Syncing asset /sub-BAYLORNL14/sub-BAYLORNL14_ses-20170602T114550.nwb
2020-10-09T16:18:49-0400 [WARNING ] backups2datalad.py Asset metadata does not include sha256 hash
2020-10-09T16:18:49-0400 [INFO    ] backups2datalad.py Asset in dataset, hash not available, and size is unchanged; will not update
2020-10-09T16:18:49-0400 [INFO    ] backups2datalad.py Syncing asset /sub-BAYLORNL14/sub-BAYLORNL14_ses-20170603T153540.nwb
2020-10-09T16:18:49-0400 [WARNING ] backups2datalad.py Asset metadata does not include sha256 hash
2020-10-09T16:18:50-0400 [INFO    ] backups2datalad.py Asset in dataset, hash not available, and size is unchanged; will not update
2020-10-09T16:18:50-0400 [INFO    ] backups2datalad.py Syncing asset /sub-BAYLORNL14/sub-BAYLORNL14_ses-20170604T150059.nwb
2020-10-09T16:18:50-0400 [WARNING ] backups2datalad.py Asset metadata does not include sha256 hash
2020-10-09T16:18:50-0400 [INFO    ] backups2datalad.py Asset in dataset, hash not available, and size is unchanged; will not update
2020-10-09T16:18:50-0400 [INFO    ] backups2datalad.py Syncing asset /sub-BAYLORNL14/sub-BAYLORNL14_ses-20170605T123139.nwb
2020-10-09T16:18:50-0400 [WARNING ] backups2datalad.py Asset metadata does not include sha256 hash
2020-10-09T16:18:50-0400 [INFO    ] backups2datalad.py Asset in dataset, hash not available, and size is unchanged; will not update
2020-10-09T16:18:50-0400 [INFO    ] backups2datalad.py Syncing asset /sub-BAYLORNL14/sub-BAYLORNL14_ses-20170606T094050.nwb
2020-10-09T16:18:50-0400 [WARNING ] backups2datalad.py Asset metadata does not include sha256 hash
2020-10-09T16:18:51-0400 [INFO    ] backups2datalad.py Asset in dataset, hash not available, and size is unchanged; will not update
2020-10-09T16:18:51-0400 [INFO    ] backups2datalad.py Syncing asset /sub-BAYLORNL14/sub-BAYLORNL14_ses-20170607T130355.nwb
2020-10-09T16:18:51-0400 [WARNING ] backups2datalad.py Asset metadata does not include sha256 hash
2020-10-09T16:18:51-0400 [INFO    ] backups2datalad.py Asset in dataset, hash not available, and size is unchanged; will not update
2020-10-09T16:18:51-0400 [INFO    ] backups2datalad.py Syncing asset /sub-BAYLORNL15/sub-BAYLORNL15_ses-20170602T095359.nwb
2020-10-09T16:18:51-0400 [WARNING ] backups2datalad.py Asset metadata does not include sha256 hash
2020-10-09T16:18:51-0400 [INFO    ] backups2datalad.py Asset in dataset, hash not available, and size is unchanged; will not update
2020-10-09T16:18:51-0400 [INFO    ] backups2datalad.py Syncing asset /sub-BAYLORNL15/sub-BAYLORNL15_ses-20170603T122807.nwb
2020-10-09T16:18:51-0400 [WARNING ] backups2datalad.py Asset metadata does not include sha256 hash
2020-10-09T16:18:51-0400 [INFO    ] backups2datalad.py Asset in dataset, hash not available, and size is unchanged; will not update
2020-10-09T16:18:51-0400 [INFO    ] backups2datalad.py Syncing asset /sub-BAYLORNL15/sub-BAYLORNL15_ses-20170604T121032.nwb
2020-10-09T16:18:51-0400 [WARNING ] backups2datalad.py Asset metadata does not include sha256 hash
2020-10-09T16:18:52-0400 [INFO    ] backups2datalad.py Asset in dataset, hash not available, and size is unchanged; will not update
2020-10-09T16:18:52-0400 [INFO    ] backups2datalad.py Syncing asset /sub-BAYLORNL15/sub-BAYLORNL15_ses-20170605T093327.nwb
2020-10-09T16:18:52-0400 [WARNING ] backups2datalad.py Asset metadata does not include sha256 hash
2020-10-09T16:18:52-0400 [INFO    ] backups2datalad.py Asset in dataset, hash not available, and size is unchanged; will not update
2020-10-09T16:18:52-0400 [INFO    ] backups2datalad.py Syncing asset /sub-BAYLORNL15/sub-BAYLORNL15_ses-20170607T094337.nwb
2020-10-09T16:18:52-0400 [WARNING ] backups2datalad.py Asset metadata does not include sha256 hash
2020-10-09T16:18:52-0400 [INFO    ] backups2datalad.py Asset in dataset, hash not available, and size is unchanged; will not update
2020-10-09T16:18:52-0400 [INFO    ] backups2datalad.py Commiting changes
2020-10-09T16:18:53-0400 [INFO    ] backups2datalad.py Creating GitHub sibling for 000007
2020-10-09T16:18:53-0400 [INFO    ] backups2datalad.py Pushing to sibling
2020-10-09T16:18:53-0400 [INFO    ] datalad.core.distributed.push Determine push target
2020-10-09T16:18:53-0400 [INFO    ] datalad.core.distributed.push Push refspecs
2020-10-09T16:18:53-0400 [INFO    ] datalad.core.distributed.push Transfer data
2020-10-09T16:18:53-0400 [INFO    ] datalad.core.distributed.push Update availability information
2020-10-09T16:18:54-0400 [INFO    ] datalad.gitrepo Start enumerating objects
2020-10-09T16:18:54-0400 [INFO    ] datalad.gitrepo Finished enumerating objects
2020-10-09T16:18:54-0400 [INFO    ] datalad.gitrepo Start counting objects
2020-10-09T16:18:54-0400 [INFO    ] datalad.gitrepo Counting objects:   9% (1/11)
2020-10-09T16:18:54-0400 [INFO    ] datalad.gitrepo Counting objects:  18% (2/11)
2020-10-09T16:18:54-0400 [INFO    ] datalad.gitrepo Counting objects:  27% (3/11)
2020-10-09T16:18:54-0400 [INFO    ] datalad.gitrepo Counting objects:  36% (4/11)
2020-10-09T16:18:54-0400 [INFO    ] datalad.gitrepo Counting objects:  45% (5/11)
2020-10-09T16:18:54-0400 [INFO    ] datalad.gitrepo Counting objects:  54% (6/11)
2020-10-09T16:18:54-0400 [INFO    ] datalad.gitrepo Counting objects:  63% (7/11)
2020-10-09T16:18:54-0400 [INFO    ] datalad.gitrepo Counting objects:  72% (8/11)
2020-10-09T16:18:54-0400 [INFO    ] datalad.gitrepo Counting objects:  81% (9/11)
2020-10-09T16:18:54-0400 [INFO    ] datalad.gitrepo Counting objects:  90% (10/11)
2020-10-09T16:18:54-0400 [INFO    ] datalad.gitrepo Counting objects: 100% (11/11)
2020-10-09T16:18:54-0400 [INFO    ] datalad.gitrepo Counting objects: 100% (11/11), done.
2020-10-09T16:18:54-0400 [INFO    ] datalad.gitrepo Finished counting objects
2020-10-09T16:18:54-0400 [INFO    ] datalad.gitrepo Start compressing objects
2020-10-09T16:18:54-0400 [INFO    ] datalad.gitrepo Compressing objects:  14% (1/7)
2020-10-09T16:18:54-0400 [INFO    ] datalad.gitrepo Compressing objects:  28% (2/7)
2020-10-09T16:18:54-0400 [INFO    ] datalad.gitrepo Compressing objects:  42% (3/7)
2020-10-09T16:18:54-0400 [INFO    ] datalad.gitrepo Compressing objects:  57% (4/7)
2020-10-09T16:18:54-0400 [INFO    ] datalad.gitrepo Compressing objects:  71% (5/7)
2020-10-09T16:18:54-0400 [INFO    ] datalad.gitrepo Compressing objects:  85% (6/7)
2020-10-09T16:18:54-0400 [INFO    ] datalad.gitrepo Compressing objects: 100% (7/7)
2020-10-09T16:18:54-0400 [INFO    ] datalad.gitrepo Compressing objects: 100% (7/7), done.
2020-10-09T16:18:54-0400 [INFO    ] datalad.gitrepo Finished compressing objects
2020-10-09T16:18:54-0400 [INFO    ] datalad.gitrepo Start writing objects
2020-10-09T16:18:54-0400 [INFO    ] datalad.gitrepo Writing objects:  14% (1/7)
2020-10-09T16:18:54-0400 [INFO    ] datalad.gitrepo Writing objects:  28% (2/7)
2020-10-09T16:18:54-0400 [INFO    ] datalad.gitrepo Writing objects:  42% (3/7)
2020-10-09T16:18:54-0400 [INFO    ] datalad.gitrepo Writing objects:  57% (4/7)
2020-10-09T16:18:54-0400 [INFO    ] datalad.gitrepo Writing objects:  71% (5/7)
2020-10-09T16:18:54-0400 [INFO    ] datalad.gitrepo Writing objects:  85% (6/7)
2020-10-09T16:18:54-0400 [INFO    ] datalad.gitrepo Writing objects: 100% (7/7)
2020-10-09T16:18:54-0400 [INFO    ] datalad.gitrepo Writing objects: 100% (7/7), 2.17 KiB | 741.00 KiB/s, done.
2020-10-09T16:18:54-0400 [INFO    ] datalad.gitrepo Finished writing objects
2020-10-09T16:18:54-0400 [INFO    ] datalad.gitrepo Start resolving deltas
2020-10-09T16:18:54-0400 [INFO    ] datalad.gitrepo remote: Resolving deltas:   0% (0/3)
2020-10-09T16:18:54-0400 [INFO    ] datalad.gitrepo remote: Resolving deltas:  33% (1/3)
2020-10-09T16:18:54-0400 [INFO    ] datalad.gitrepo remote: Resolving deltas: 100% (3/3)
2020-10-09T16:18:54-0400 [INFO    ] datalad.gitrepo remote: Resolving deltas: 100% (3/3), completed with 2 local objects.
2020-10-09T16:18:56-0400 [INFO    ] datalad.gitrepo Finished
2020-10-09T16:18:56-0400 [INFO    ] datalad.core.distributed.push Finished push of Dataset(/mnt/backup/dandi/dandiarchive-replica/000007)
